{"uuid":"04d2b00b-51cb-49a1-8162-5e4889ebebe5","historyId":"d1d9ff0f61d96bb2db81c7e88dee5508","fullName":"Verify login Functionality: User could log in with valid email and password","labels":[{"name":"tag","value":"Regression"},{"name":"host","value":"amr"},{"name":"thread","value":"233853@amr.main(1)"},{"name":"feature","value":"Verify login Functionality"},{"name":"story","value":"User could log in with valid email and password"},{"name":"suite","value":"Verify login Functionality"},{"name":"testClass","value":"User could log in with valid email and password"},{"name":"framework","value":"cucumber4jvm"},{"name":"language","value":"java"},{"name":"gherkin_uri","value":"file:///home/amr/Downloads/hotfix_final/src/main/resources/Features/SC02_Login.feature"},{"name":"package","value":"src.main.resources.Features.SC02_Login_feature.Verify login Functionality"}],"links":[],"name":"User could log in with valid email and password","status":"broken","statusDetails":{"known":false,"muted":false,"flaky":false,"message":"element click intercepted: Element <div _ngcontent-embryo-seo-pre-c251=\"\" id=\"signIn\" class=\"pointer d-inline-flex ng-star-inserted\">...</div> is not clickable at point (1755, 113). Other element would receive the click: <div _ngcontent-embryo-seo-pre-c259=\"\" class=\"stores-area ng-star-inserted\">...</div>\n  (Session info: chrome=110.0.5481.77)\nBuild info: version: '4.7.2', revision: '4d4020c3b7'\nSystem info: os.name: 'Linux', os.arch: 'amd64', os.version: '6.0.0-kali3-amd64', java.version: '17.0.6'\nDriver info: org.openqa.selenium.chrome.ChromeDriver\nCommand: [edf3d13ad94f024d7e3b2022d25f4fb0, clickElement {id=c9178373-8f35-4225-b8aa-202d192a1f01}]\nCapabilities {acceptInsecureCerts: false, browserName: chrome, browserVersion: 110.0.5481.77, chrome: {chromedriverVersion: 110.0.5481.77 (65ed616c6e8e..., userDataDir: /tmp/.com.google.Chrome.mp8sf3}, goog:chromeOptions: {debuggerAddress: localhost:42885}, networkConnectionEnabled: false, pageLoadStrategy: normal, platformName: LINUX, proxy: Proxy(), se:cdp: ws://localhost:42885/devtoo..., se:cdpVersion: 110.0.5481.77, setWindowRect: true, strictFileInteractability: false, timeouts: {implicit: 0, pageLoad: 300000, script: 30000}, unhandledPromptBehavior: dismiss and notify, webauthn:extension:credBlob: true, webauthn:extension:largeBlob: true, webauthn:virtualAuthenticators: true}\nElement: [[ChromeDriver: chrome on LINUX (edf3d13ad94f024d7e3b2022d25f4fb0)] -> id: signIn]\nSession ID: edf3d13ad94f024d7e3b2022d25f4fb0","trace":"org.openqa.selenium.ElementClickInterceptedException: element click intercepted: Element <div _ngcontent-embryo-seo-pre-c251=\"\" id=\"signIn\" class=\"pointer d-inline-flex ng-star-inserted\">...</div> is not clickable at point (1755, 113). Other element would receive the click: <div _ngcontent-embryo-seo-pre-c259=\"\" class=\"stores-area ng-star-inserted\">...</div>\n  (Session info: chrome=110.0.5481.77)\nBuild info: version: '4.7.2', revision: '4d4020c3b7'\nSystem info: os.name: 'Linux', os.arch: 'amd64', os.version: '6.0.0-kali3-amd64', java.version: '17.0.6'\nDriver info: org.openqa.selenium.chrome.ChromeDriver\nCommand: [edf3d13ad94f024d7e3b2022d25f4fb0, clickElement {id=c9178373-8f35-4225-b8aa-202d192a1f01}]\nCapabilities {acceptInsecureCerts: false, browserName: chrome, browserVersion: 110.0.5481.77, chrome: {chromedriverVersion: 110.0.5481.77 (65ed616c6e8e..., userDataDir: /tmp/.com.google.Chrome.mp8sf3}, goog:chromeOptions: {debuggerAddress: localhost:42885}, networkConnectionEnabled: false, pageLoadStrategy: normal, platformName: LINUX, proxy: Proxy(), se:cdp: ws://localhost:42885/devtoo..., se:cdpVersion: 110.0.5481.77, setWindowRect: true, strictFileInteractability: false, timeouts: {implicit: 0, pageLoad: 300000, script: 30000}, unhandledPromptBehavior: dismiss and notify, webauthn:extension:credBlob: true, webauthn:extension:largeBlob: true, webauthn:virtualAuthenticators: true}\nElement: [[ChromeDriver: chrome on LINUX (edf3d13ad94f024d7e3b2022d25f4fb0)] -> id: signIn]\nSession ID: edf3d13ad94f024d7e3b2022d25f4fb0\n\tat java.base/jdk.internal.reflect.NativeConstructorAccessorImpl.newInstance0(Native Method)\n\tat java.base/jdk.internal.reflect.NativeConstructorAccessorImpl.newInstance(NativeConstructorAccessorImpl.java:77)\n\tat java.base/jdk.internal.reflect.DelegatingConstructorAccessorImpl.newInstance(DelegatingConstructorAccessorImpl.java:45)\n\tat java.base/java.lang.reflect.Constructor.newInstanceWithCaller(Constructor.java:499)\n\tat java.base/java.lang.reflect.Constructor.newInstance(Constructor.java:480)\n\tat org.openqa.selenium.remote.codec.w3c.W3CHttpResponseCodec.createException(W3CHttpResponseCodec.java:200)\n\tat org.openqa.selenium.remote.codec.w3c.W3CHttpResponseCodec.decode(W3CHttpResponseCodec.java:133)\n\tat org.openqa.selenium.remote.codec.w3c.W3CHttpResponseCodec.decode(W3CHttpResponseCodec.java:53)\n\tat org.openqa.selenium.remote.HttpCommandExecutor.execute(HttpCommandExecutor.java:184)\n\tat org.openqa.selenium.remote.service.DriverCommandExecutor.invokeExecute(DriverCommandExecutor.java:167)\n\tat org.openqa.selenium.remote.service.DriverCommandExecutor.execute(DriverCommandExecutor.java:142)\n\tat org.openqa.selenium.remote.RemoteWebDriver.execute(RemoteWebDriver.java:535)\n\tat org.openqa.selenium.remote.RemoteWebElement.execute(RemoteWebElement.java:257)\n\tat org.openqa.selenium.remote.RemoteWebElement.click(RemoteWebElement.java:78)\n\tat StepDefinitions.LoginStepDefinition.openLoginPage(LoginStepDefinition.java:39)\n\tat ✽.user to login page(file:///home/amr/Downloads/hotfix_final/src/main/resources/Features/SC02_Login.feature:5)\n"},"stage":"finished","steps":[{"name":"Given  user to login page","status":"broken","statusDetails":{"known":false,"muted":false,"flaky":false,"message":"element click intercepted: Element <div _ngcontent-embryo-seo-pre-c251=\"\" id=\"signIn\" class=\"pointer d-inline-flex ng-star-inserted\">...</div> is not clickable at point (1755, 113). Other element would receive the click: <div _ngcontent-embryo-seo-pre-c259=\"\" class=\"stores-area ng-star-inserted\">...</div>\n  (Session info: chrome=110.0.5481.77)\nBuild info: version: '4.7.2', revision: '4d4020c3b7'\nSystem info: os.name: 'Linux', os.arch: 'amd64', os.version: '6.0.0-kali3-amd64', java.version: '17.0.6'\nDriver info: org.openqa.selenium.chrome.ChromeDriver\nCommand: [edf3d13ad94f024d7e3b2022d25f4fb0, clickElement {id=c9178373-8f35-4225-b8aa-202d192a1f01}]\nCapabilities {acceptInsecureCerts: false, browserName: chrome, browserVersion: 110.0.5481.77, chrome: {chromedriverVersion: 110.0.5481.77 (65ed616c6e8e..., userDataDir: /tmp/.com.google.Chrome.mp8sf3}, goog:chromeOptions: {debuggerAddress: localhost:42885}, networkConnectionEnabled: false, pageLoadStrategy: normal, platformName: LINUX, proxy: Proxy(), se:cdp: ws://localhost:42885/devtoo..., se:cdpVersion: 110.0.5481.77, setWindowRect: true, strictFileInteractability: false, timeouts: {implicit: 0, pageLoad: 300000, script: 30000}, unhandledPromptBehavior: dismiss and notify, webauthn:extension:credBlob: true, webauthn:extension:largeBlob: true, webauthn:virtualAuthenticators: true}\nElement: [[ChromeDriver: chrome on LINUX (edf3d13ad94f024d7e3b2022d25f4fb0)] -> id: signIn]\nSession ID: edf3d13ad94f024d7e3b2022d25f4fb0","trace":"org.openqa.selenium.ElementClickInterceptedException: element click intercepted: Element <div _ngcontent-embryo-seo-pre-c251=\"\" id=\"signIn\" class=\"pointer d-inline-flex ng-star-inserted\">...</div> is not clickable at point (1755, 113). Other element would receive the click: <div _ngcontent-embryo-seo-pre-c259=\"\" class=\"stores-area ng-star-inserted\">...</div>\n  (Session info: chrome=110.0.5481.77)\nBuild info: version: '4.7.2', revision: '4d4020c3b7'\nSystem info: os.name: 'Linux', os.arch: 'amd64', os.version: '6.0.0-kali3-amd64', java.version: '17.0.6'\nDriver info: org.openqa.selenium.chrome.ChromeDriver\nCommand: [edf3d13ad94f024d7e3b2022d25f4fb0, clickElement {id=c9178373-8f35-4225-b8aa-202d192a1f01}]\nCapabilities {acceptInsecureCerts: false, browserName: chrome, browserVersion: 110.0.5481.77, chrome: {chromedriverVersion: 110.0.5481.77 (65ed616c6e8e..., userDataDir: /tmp/.com.google.Chrome.mp8sf3}, goog:chromeOptions: {debuggerAddress: localhost:42885}, networkConnectionEnabled: false, pageLoadStrategy: normal, platformName: LINUX, proxy: Proxy(), se:cdp: ws://localhost:42885/devtoo..., se:cdpVersion: 110.0.5481.77, setWindowRect: true, strictFileInteractability: false, timeouts: {implicit: 0, pageLoad: 300000, script: 30000}, unhandledPromptBehavior: dismiss and notify, webauthn:extension:credBlob: true, webauthn:extension:largeBlob: true, webauthn:virtualAuthenticators: true}\nElement: [[ChromeDriver: chrome on LINUX (edf3d13ad94f024d7e3b2022d25f4fb0)] -> id: signIn]\nSession ID: edf3d13ad94f024d7e3b2022d25f4fb0\n\tat java.base/jdk.internal.reflect.NativeConstructorAccessorImpl.newInstance0(Native Method)\n\tat java.base/jdk.internal.reflect.NativeConstructorAccessorImpl.newInstance(NativeConstructorAccessorImpl.java:77)\n\tat java.base/jdk.internal.reflect.DelegatingConstructorAccessorImpl.newInstance(DelegatingConstructorAccessorImpl.java:45)\n\tat java.base/java.lang.reflect.Constructor.newInstanceWithCaller(Constructor.java:499)\n\tat java.base/java.lang.reflect.Constructor.newInstance(Constructor.java:480)\n\tat org.openqa.selenium.remote.codec.w3c.W3CHttpResponseCodec.createException(W3CHttpResponseCodec.java:200)\n\tat org.openqa.selenium.remote.codec.w3c.W3CHttpResponseCodec.decode(W3CHttpResponseCodec.java:133)\n\tat org.openqa.selenium.remote.codec.w3c.W3CHttpResponseCodec.decode(W3CHttpResponseCodec.java:53)\n\tat org.openqa.selenium.remote.HttpCommandExecutor.execute(HttpCommandExecutor.java:184)\n\tat org.openqa.selenium.remote.service.DriverCommandExecutor.invokeExecute(DriverCommandExecutor.java:167)\n\tat org.openqa.selenium.remote.service.DriverCommandExecutor.execute(DriverCommandExecutor.java:142)\n\tat org.openqa.selenium.remote.RemoteWebDriver.execute(RemoteWebDriver.java:535)\n\tat org.openqa.selenium.remote.RemoteWebElement.execute(RemoteWebElement.java:257)\n\tat org.openqa.selenium.remote.RemoteWebElement.click(RemoteWebElement.java:78)\n\tat StepDefinitions.LoginStepDefinition.openLoginPage(LoginStepDefinition.java:39)\n\tat ✽.user to login page(file:///home/amr/Downloads/hotfix_final/src/main/resources/Features/SC02_Login.feature:5)\n"},"stage":"finished","steps":[],"attachments":[],"parameters":[],"start":1678960182971,"stop":1678960187096},{"name":"And  user accept cookies","status":"skipped","statusDetails":{"known":false,"muted":false,"flaky":false},"stage":"finished","steps":[],"attachments":[],"parameters":[],"start":1678960187098,"stop":1678960187099},{"name":"When  user enter valid email","status":"skipped","statusDetails":{"known":false,"muted":false,"flaky":false},"stage":"finished","steps":[],"attachments":[],"parameters":[],"start":1678960187099,"stop":1678960187100},{"name":"And  user enter valid password","status":"skipped","statusDetails":{"known":false,"muted":false,"flaky":false},"stage":"finished","steps":[],"attachments":[],"parameters":[],"start":1678960187100,"stop":1678960187100},{"name":"And  user click on login","status":"skipped","statusDetails":{"known":false,"muted":false,"flaky":false},"stage":"finished","steps":[],"attachments":[],"parameters":[],"start":1678960187101,"stop":1678960187101},{"name":"And  user click on profile","status":"skipped","statusDetails":{"known":false,"muted":false,"flaky":false},"stage":"finished","steps":[],"attachments":[],"parameters":[],"start":1678960187103,"stop":1678960187104},{"name":"Then  user could login successfully and redirected to home page","status":"skipped","statusDetails":{"known":false,"muted":false,"flaky":false},"stage":"finished","steps":[],"attachments":[],"parameters":[],"start":1678960187104,"stop":1678960187105}],"attachments":[],"parameters":[],"start":1678960175431,"stop":1678960189211}