{"uuid":"1f4d14dc-547a-4391-8778-951e228dc33e","historyId":"ce8096dce81d08c0cccc4692034feb49","fullName":"verify register functionality: User could register with valid data","labels":[{"name":"tag","value":"Regression"},{"name":"host","value":"192.168.1.5"},{"name":"thread","value":"10626@192.168.1.5.main(1)"},{"name":"feature","value":"verify register functionality"},{"name":"story","value":"User could register with valid data"},{"name":"suite","value":"verify register functionality"},{"name":"testClass","value":"User could register with valid data"},{"name":"framework","value":"cucumber4jvm"},{"name":"language","value":"java"},{"name":"gherkin_uri","value":"file:///Users/amrashraf/IdeaProjects/sporstapp/src/main/resources/Features/SC01_Register.feature"},{"name":"package","value":"src.main.resources.Features.SC01_Register_feature.verify register functionality"}],"links":[],"name":"User could register with valid data","status":"broken","statusDetails":{"known":false,"muted":false,"flaky":false,"message":"element click intercepted: Element <button type=\"submit\" id=\"kt_sign_up_submit\" class=\"btn btn-lg btn_main w-100 mb-5\" disabled=\"\">...</button> is not clickable at point (840, 844). Other element would receive the click: <div class=\"text-center\">...</div>\n  (Session info: chrome=111.0.5563.146)\nBuild info: version: '4.7.2', revision: '4d4020c3b7'\nSystem info: os.name: 'Mac OS X', os.arch: 'aarch64', os.version: '12.5', java.version: '17.0.6'\nDriver info: org.openqa.selenium.chrome.ChromeDriver\nCommand: [3cde5f35f5df38d84a26d85a5eefc555, clickElement {id=4f411b48-be1a-421d-8681-3d2f714018b6}]\nCapabilities {acceptInsecureCerts: false, browserName: chrome, browserVersion: 111.0.5563.146, chrome: {chromedriverVersion: 111.0.5563.64 (c710e93d5b63..., userDataDir: /var/folders/0t/3x2gzg1s1hg...}, goog:chromeOptions: {debuggerAddress: localhost:56963}, networkConnectionEnabled: false, pageLoadStrategy: normal, platformName: MAC, proxy: Proxy(), se:cdp: ws://localhost:56963/devtoo..., se:cdpVersion: 111.0.5563.146, setWindowRect: true, strictFileInteractability: false, timeouts: {implicit: 0, pageLoad: 300000, script: 30000}, unhandledPromptBehavior: dismiss and notify, webauthn:extension:credBlob: true, webauthn:extension:largeBlob: true, webauthn:extension:minPinLength: true, webauthn:extension:prf: true, webauthn:virtualAuthenticators: true}\nElement: [[ChromeDriver: chrome on MAC (3cde5f35f5df38d84a26d85a5eefc555)] -> xpath: /html/body/div[1]/div/div/div/div/form/div[5]/button]\nSession ID: 3cde5f35f5df38d84a26d85a5eefc555","trace":"org.openqa.selenium.ElementClickInterceptedException: element click intercepted: Element <button type=\"submit\" id=\"kt_sign_up_submit\" class=\"btn btn-lg btn_main w-100 mb-5\" disabled=\"\">...</button> is not clickable at point (840, 844). Other element would receive the click: <div class=\"text-center\">...</div>\n  (Session info: chrome=111.0.5563.146)\nBuild info: version: '4.7.2', revision: '4d4020c3b7'\nSystem info: os.name: 'Mac OS X', os.arch: 'aarch64', os.version: '12.5', java.version: '17.0.6'\nDriver info: org.openqa.selenium.chrome.ChromeDriver\nCommand: [3cde5f35f5df38d84a26d85a5eefc555, clickElement {id=4f411b48-be1a-421d-8681-3d2f714018b6}]\nCapabilities {acceptInsecureCerts: false, browserName: chrome, browserVersion: 111.0.5563.146, chrome: {chromedriverVersion: 111.0.5563.64 (c710e93d5b63..., userDataDir: /var/folders/0t/3x2gzg1s1hg...}, goog:chromeOptions: {debuggerAddress: localhost:56963}, networkConnectionEnabled: false, pageLoadStrategy: normal, platformName: MAC, proxy: Proxy(), se:cdp: ws://localhost:56963/devtoo..., se:cdpVersion: 111.0.5563.146, setWindowRect: true, strictFileInteractability: false, timeouts: {implicit: 0, pageLoad: 300000, script: 30000}, unhandledPromptBehavior: dismiss and notify, webauthn:extension:credBlob: true, webauthn:extension:largeBlob: true, webauthn:extension:minPinLength: true, webauthn:extension:prf: true, webauthn:virtualAuthenticators: true}\nElement: [[ChromeDriver: chrome on MAC (3cde5f35f5df38d84a26d85a5eefc555)] -> xpath: /html/body/div[1]/div/div/div/div/form/div[5]/button]\nSession ID: 3cde5f35f5df38d84a26d85a5eefc555\n\tat java.base/jdk.internal.reflect.NativeConstructorAccessorImpl.newInstance0(Native Method)\n\tat java.base/jdk.internal.reflect.NativeConstructorAccessorImpl.newInstance(NativeConstructorAccessorImpl.java:77)\n\tat java.base/jdk.internal.reflect.DelegatingConstructorAccessorImpl.newInstance(DelegatingConstructorAccessorImpl.java:45)\n\tat java.base/java.lang.reflect.Constructor.newInstanceWithCaller(Constructor.java:499)\n\tat java.base/java.lang.reflect.Constructor.newInstance(Constructor.java:480)\n\tat org.openqa.selenium.remote.codec.w3c.W3CHttpResponseCodec.createException(W3CHttpResponseCodec.java:200)\n\tat org.openqa.selenium.remote.codec.w3c.W3CHttpResponseCodec.decode(W3CHttpResponseCodec.java:133)\n\tat org.openqa.selenium.remote.codec.w3c.W3CHttpResponseCodec.decode(W3CHttpResponseCodec.java:53)\n\tat org.openqa.selenium.remote.HttpCommandExecutor.execute(HttpCommandExecutor.java:184)\n\tat org.openqa.selenium.remote.service.DriverCommandExecutor.invokeExecute(DriverCommandExecutor.java:167)\n\tat org.openqa.selenium.remote.service.DriverCommandExecutor.execute(DriverCommandExecutor.java:142)\n\tat org.openqa.selenium.remote.RemoteWebDriver.execute(RemoteWebDriver.java:535)\n\tat org.openqa.selenium.remote.RemoteWebElement.execute(RemoteWebElement.java:257)\n\tat org.openqa.selenium.remote.RemoteWebElement.click(RemoteWebElement.java:78)\n\tat StepDefinitions.Register.RegisterStepDefinition.clickOnRegisterBtn(RegisterStepDefinition.java:124)\n\tat ✽.user could register successfully(file:///Users/amrashraf/IdeaProjects/sporstapp/src/main/resources/Features/SC01_Register.feature:14)\n"},"stage":"finished","steps":[{"name":"Given  user navigate to registration page","status":"passed","statusDetails":{"known":false,"muted":false,"flaky":false},"stage":"finished","steps":[],"attachments":[],"parameters":[],"start":1680987563294,"stop":1680987566867},{"name":"When  user add club name","status":"passed","statusDetails":{"known":false,"muted":false,"flaky":false},"stage":"finished","steps":[],"attachments":[],"parameters":[],"start":1680987566867,"stop":1680987568902},{"name":"And  user add club domin","status":"passed","statusDetails":{"known":false,"muted":false,"flaky":false},"stage":"finished","steps":[],"attachments":[],"parameters":[],"start":1680987568903,"stop":1680987570190},{"name":"And  user enter first name","status":"passed","statusDetails":{"known":false,"muted":false,"flaky":false},"stage":"finished","steps":[],"attachments":[],"parameters":[],"start":1680987570191,"stop":1680987570779},{"name":"And  user enter last name","status":"passed","statusDetails":{"known":false,"muted":false,"flaky":false},"stage":"finished","steps":[],"attachments":[],"parameters":[],"start":1680987570779,"stop":1680987571135},{"name":"And  user enter email","status":"passed","statusDetails":{"known":false,"muted":false,"flaky":false},"stage":"finished","steps":[],"attachments":[],"parameters":[],"start":1680987571135,"stop":1680987571637},{"name":"And  user enter phone","status":"passed","statusDetails":{"known":false,"muted":false,"flaky":false},"stage":"finished","steps":[],"attachments":[],"parameters":[],"start":1680987571637,"stop":1680987571885},{"name":"And  user enter password","status":"passed","statusDetails":{"known":false,"muted":false,"flaky":false},"stage":"finished","steps":[],"attachments":[],"parameters":[],"start":1680987571886,"stop":1680987571953},{"name":"And  user confirm password","status":"passed","statusDetails":{"known":false,"muted":false,"flaky":false},"stage":"finished","steps":[],"attachments":[],"parameters":[],"start":1680987571953,"stop":1680987572081},{"name":"Then  user could register successfully","status":"broken","statusDetails":{"known":false,"muted":false,"flaky":false,"message":"element click intercepted: Element <button type=\"submit\" id=\"kt_sign_up_submit\" class=\"btn btn-lg btn_main w-100 mb-5\" disabled=\"\">...</button> is not clickable at point (840, 844). Other element would receive the click: <div class=\"text-center\">...</div>\n  (Session info: chrome=111.0.5563.146)\nBuild info: version: '4.7.2', revision: '4d4020c3b7'\nSystem info: os.name: 'Mac OS X', os.arch: 'aarch64', os.version: '12.5', java.version: '17.0.6'\nDriver info: org.openqa.selenium.chrome.ChromeDriver\nCommand: [3cde5f35f5df38d84a26d85a5eefc555, clickElement {id=4f411b48-be1a-421d-8681-3d2f714018b6}]\nCapabilities {acceptInsecureCerts: false, browserName: chrome, browserVersion: 111.0.5563.146, chrome: {chromedriverVersion: 111.0.5563.64 (c710e93d5b63..., userDataDir: /var/folders/0t/3x2gzg1s1hg...}, goog:chromeOptions: {debuggerAddress: localhost:56963}, networkConnectionEnabled: false, pageLoadStrategy: normal, platformName: MAC, proxy: Proxy(), se:cdp: ws://localhost:56963/devtoo..., se:cdpVersion: 111.0.5563.146, setWindowRect: true, strictFileInteractability: false, timeouts: {implicit: 0, pageLoad: 300000, script: 30000}, unhandledPromptBehavior: dismiss and notify, webauthn:extension:credBlob: true, webauthn:extension:largeBlob: true, webauthn:extension:minPinLength: true, webauthn:extension:prf: true, webauthn:virtualAuthenticators: true}\nElement: [[ChromeDriver: chrome on MAC (3cde5f35f5df38d84a26d85a5eefc555)] -> xpath: /html/body/div[1]/div/div/div/div/form/div[5]/button]\nSession ID: 3cde5f35f5df38d84a26d85a5eefc555","trace":"org.openqa.selenium.ElementClickInterceptedException: element click intercepted: Element <button type=\"submit\" id=\"kt_sign_up_submit\" class=\"btn btn-lg btn_main w-100 mb-5\" disabled=\"\">...</button> is not clickable at point (840, 844). Other element would receive the click: <div class=\"text-center\">...</div>\n  (Session info: chrome=111.0.5563.146)\nBuild info: version: '4.7.2', revision: '4d4020c3b7'\nSystem info: os.name: 'Mac OS X', os.arch: 'aarch64', os.version: '12.5', java.version: '17.0.6'\nDriver info: org.openqa.selenium.chrome.ChromeDriver\nCommand: [3cde5f35f5df38d84a26d85a5eefc555, clickElement {id=4f411b48-be1a-421d-8681-3d2f714018b6}]\nCapabilities {acceptInsecureCerts: false, browserName: chrome, browserVersion: 111.0.5563.146, chrome: {chromedriverVersion: 111.0.5563.64 (c710e93d5b63..., userDataDir: /var/folders/0t/3x2gzg1s1hg...}, goog:chromeOptions: {debuggerAddress: localhost:56963}, networkConnectionEnabled: false, pageLoadStrategy: normal, platformName: MAC, proxy: Proxy(), se:cdp: ws://localhost:56963/devtoo..., se:cdpVersion: 111.0.5563.146, setWindowRect: true, strictFileInteractability: false, timeouts: {implicit: 0, pageLoad: 300000, script: 30000}, unhandledPromptBehavior: dismiss and notify, webauthn:extension:credBlob: true, webauthn:extension:largeBlob: true, webauthn:extension:minPinLength: true, webauthn:extension:prf: true, webauthn:virtualAuthenticators: true}\nElement: [[ChromeDriver: chrome on MAC (3cde5f35f5df38d84a26d85a5eefc555)] -> xpath: /html/body/div[1]/div/div/div/div/form/div[5]/button]\nSession ID: 3cde5f35f5df38d84a26d85a5eefc555\n\tat java.base/jdk.internal.reflect.NativeConstructorAccessorImpl.newInstance0(Native Method)\n\tat java.base/jdk.internal.reflect.NativeConstructorAccessorImpl.newInstance(NativeConstructorAccessorImpl.java:77)\n\tat java.base/jdk.internal.reflect.DelegatingConstructorAccessorImpl.newInstance(DelegatingConstructorAccessorImpl.java:45)\n\tat java.base/java.lang.reflect.Constructor.newInstanceWithCaller(Constructor.java:499)\n\tat java.base/java.lang.reflect.Constructor.newInstance(Constructor.java:480)\n\tat org.openqa.selenium.remote.codec.w3c.W3CHttpResponseCodec.createException(W3CHttpResponseCodec.java:200)\n\tat org.openqa.selenium.remote.codec.w3c.W3CHttpResponseCodec.decode(W3CHttpResponseCodec.java:133)\n\tat org.openqa.selenium.remote.codec.w3c.W3CHttpResponseCodec.decode(W3CHttpResponseCodec.java:53)\n\tat org.openqa.selenium.remote.HttpCommandExecutor.execute(HttpCommandExecutor.java:184)\n\tat org.openqa.selenium.remote.service.DriverCommandExecutor.invokeExecute(DriverCommandExecutor.java:167)\n\tat org.openqa.selenium.remote.service.DriverCommandExecutor.execute(DriverCommandExecutor.java:142)\n\tat org.openqa.selenium.remote.RemoteWebDriver.execute(RemoteWebDriver.java:535)\n\tat org.openqa.selenium.remote.RemoteWebElement.execute(RemoteWebElement.java:257)\n\tat org.openqa.selenium.remote.RemoteWebElement.click(RemoteWebElement.java:78)\n\tat StepDefinitions.Register.RegisterStepDefinition.clickOnRegisterBtn(RegisterStepDefinition.java:124)\n\tat ✽.user could register successfully(file:///Users/amrashraf/IdeaProjects/sporstapp/src/main/resources/Features/SC01_Register.feature:14)\n"},"stage":"finished","steps":[],"attachments":[],"parameters":[],"start":1680987572081,"stop":1680987578148}],"attachments":[],"parameters":[],"start":1680987553328,"stop":1680987580265}