{"uuid":"2315e327-b1a6-4fcd-b622-7d4c8c818cfd","historyId":"4b94722a3dddbfe27190386149715276","fullName":"Create successful order: user can create Order","labels":[{"name":"tag","value":"Regression"},{"name":"host","value":"amr"},{"name":"thread","value":"315605@amr.main(1)"},{"name":"feature","value":"Create successful order"},{"name":"story","value":"user can create Order"},{"name":"suite","value":"Create successful order"},{"name":"testClass","value":"user can create Order"},{"name":"framework","value":"cucumber4jvm"},{"name":"language","value":"java"},{"name":"gherkin_uri","value":"file:///home/amr/Downloads/hotfix_final/src/main/resources/Features/SC12_CreateOrder.feature"},{"name":"package","value":"src.main.resources.Features.SC12_CreateOrder_feature.Create successful order"}],"links":[],"name":"user can create Order","status":"broken","statusDetails":{"known":false,"muted":false,"flaky":false,"message":"element click intercepted: Element <mat-icon _ngcontent-embryo-seo-pre-c245=\"\" role=\"img\" class=\"mat-icon material-icons notranslate defulat-icons-color icons-fill-color mat-icon-no-color\" style=\"margin-top: -1px;\" aria-hidden=\"true\" data-mat-icon-type=\"font\">...</mat-icon> is not clickable at point (1570, 111). Other element would receive the click: <div class=\"cdk-overlay-backdrop cdk-overlay-dark-backdrop cdk-overlay-backdrop-showing\"></div>\n  (Session info: chrome=110.0.5481.77)\nBuild info: version: '4.7.2', revision: '4d4020c3b7'\nSystem info: os.name: 'Linux', os.arch: 'amd64', os.version: '6.0.0-kali3-amd64', java.version: '17.0.6'\nDriver info: org.openqa.selenium.chrome.ChromeDriver\nCommand: [38859ee69aec4a166c83ada01cd70665, clickElement {id=c91b2df4-c58b-4840-8d7b-1719cc1c4137}]\nCapabilities {acceptInsecureCerts: false, browserName: chrome, browserVersion: 110.0.5481.77, chrome: {chromedriverVersion: 110.0.5481.77 (65ed616c6e8e..., userDataDir: /tmp/.com.google.Chrome.ztDUgt}, goog:chromeOptions: {debuggerAddress: localhost:46597}, networkConnectionEnabled: false, pageLoadStrategy: normal, platformName: LINUX, proxy: Proxy(), se:cdp: ws://localhost:46597/devtoo..., se:cdpVersion: 110.0.5481.77, setWindowRect: true, strictFileInteractability: false, timeouts: {implicit: 0, pageLoad: 300000, script: 30000}, unhandledPromptBehavior: dismiss and notify, webauthn:extension:credBlob: true, webauthn:extension:largeBlob: true, webauthn:virtualAuthenticators: true}\nElement: [[ChromeDriver: chrome on LINUX (38859ee69aec4a166c83ada01cd70665)] -> xpath: //html/body/app-root/div/mat-sidenav-container/mat-sidenav-content/headertwo/mat-toolbar/mat-toolbar-row[2]/div/div/div[3]/div[2]/embryo-headercart/button/span[1]/mat-icon]\nSession ID: 38859ee69aec4a166c83ada01cd70665","trace":"org.openqa.selenium.ElementClickInterceptedException: element click intercepted: Element <mat-icon _ngcontent-embryo-seo-pre-c245=\"\" role=\"img\" class=\"mat-icon material-icons notranslate defulat-icons-color icons-fill-color mat-icon-no-color\" style=\"margin-top: -1px;\" aria-hidden=\"true\" data-mat-icon-type=\"font\">...</mat-icon> is not clickable at point (1570, 111). Other element would receive the click: <div class=\"cdk-overlay-backdrop cdk-overlay-dark-backdrop cdk-overlay-backdrop-showing\"></div>\n  (Session info: chrome=110.0.5481.77)\nBuild info: version: '4.7.2', revision: '4d4020c3b7'\nSystem info: os.name: 'Linux', os.arch: 'amd64', os.version: '6.0.0-kali3-amd64', java.version: '17.0.6'\nDriver info: org.openqa.selenium.chrome.ChromeDriver\nCommand: [38859ee69aec4a166c83ada01cd70665, clickElement {id=c91b2df4-c58b-4840-8d7b-1719cc1c4137}]\nCapabilities {acceptInsecureCerts: false, browserName: chrome, browserVersion: 110.0.5481.77, chrome: {chromedriverVersion: 110.0.5481.77 (65ed616c6e8e..., userDataDir: /tmp/.com.google.Chrome.ztDUgt}, goog:chromeOptions: {debuggerAddress: localhost:46597}, networkConnectionEnabled: false, pageLoadStrategy: normal, platformName: LINUX, proxy: Proxy(), se:cdp: ws://localhost:46597/devtoo..., se:cdpVersion: 110.0.5481.77, setWindowRect: true, strictFileInteractability: false, timeouts: {implicit: 0, pageLoad: 300000, script: 30000}, unhandledPromptBehavior: dismiss and notify, webauthn:extension:credBlob: true, webauthn:extension:largeBlob: true, webauthn:virtualAuthenticators: true}\nElement: [[ChromeDriver: chrome on LINUX (38859ee69aec4a166c83ada01cd70665)] -> xpath: //html/body/app-root/div/mat-sidenav-container/mat-sidenav-content/headertwo/mat-toolbar/mat-toolbar-row[2]/div/div/div[3]/div[2]/embryo-headercart/button/span[1]/mat-icon]\nSession ID: 38859ee69aec4a166c83ada01cd70665\n\tat java.base/jdk.internal.reflect.NativeConstructorAccessorImpl.newInstance0(Native Method)\n\tat java.base/jdk.internal.reflect.NativeConstructorAccessorImpl.newInstance(NativeConstructorAccessorImpl.java:77)\n\tat java.base/jdk.internal.reflect.DelegatingConstructorAccessorImpl.newInstance(DelegatingConstructorAccessorImpl.java:45)\n\tat java.base/java.lang.reflect.Constructor.newInstanceWithCaller(Constructor.java:499)\n\tat java.base/java.lang.reflect.Constructor.newInstance(Constructor.java:480)\n\tat org.openqa.selenium.remote.codec.w3c.W3CHttpResponseCodec.createException(W3CHttpResponseCodec.java:200)\n\tat org.openqa.selenium.remote.codec.w3c.W3CHttpResponseCodec.decode(W3CHttpResponseCodec.java:133)\n\tat org.openqa.selenium.remote.codec.w3c.W3CHttpResponseCodec.decode(W3CHttpResponseCodec.java:53)\n\tat org.openqa.selenium.remote.HttpCommandExecutor.execute(HttpCommandExecutor.java:184)\n\tat org.openqa.selenium.remote.service.DriverCommandExecutor.invokeExecute(DriverCommandExecutor.java:167)\n\tat org.openqa.selenium.remote.service.DriverCommandExecutor.execute(DriverCommandExecutor.java:142)\n\tat org.openqa.selenium.remote.RemoteWebDriver.execute(RemoteWebDriver.java:535)\n\tat org.openqa.selenium.remote.RemoteWebElement.execute(RemoteWebElement.java:257)\n\tat org.openqa.selenium.remote.RemoteWebElement.click(RemoteWebElement.java:78)\n\tat StepDefinitions.CreateOrderSD.openCartPage(CreateOrderSD.java:46)\n\tat ✽.user open cart page(file:///home/amr/Downloads/hotfix_final/src/main/resources/Features/SC12_CreateOrder.feature:8)\n"},"stage":"finished","steps":[{"name":"When  user choose any category","status":"passed","statusDetails":{"known":false,"muted":false,"flaky":false},"stage":"finished","steps":[],"attachments":[],"parameters":[],"start":1678974317873,"stop":1678974326209},{"name":"And  user add any product to cart","status":"passed","statusDetails":{"known":false,"muted":false,"flaky":false},"stage":"finished","steps":[],"attachments":[],"parameters":[],"start":1678974326210,"stop":1678974332359},{"name":"And  user open cart page","status":"broken","statusDetails":{"known":false,"muted":false,"flaky":false,"message":"element click intercepted: Element <mat-icon _ngcontent-embryo-seo-pre-c245=\"\" role=\"img\" class=\"mat-icon material-icons notranslate defulat-icons-color icons-fill-color mat-icon-no-color\" style=\"margin-top: -1px;\" aria-hidden=\"true\" data-mat-icon-type=\"font\">...</mat-icon> is not clickable at point (1570, 111). Other element would receive the click: <div class=\"cdk-overlay-backdrop cdk-overlay-dark-backdrop cdk-overlay-backdrop-showing\"></div>\n  (Session info: chrome=110.0.5481.77)\nBuild info: version: '4.7.2', revision: '4d4020c3b7'\nSystem info: os.name: 'Linux', os.arch: 'amd64', os.version: '6.0.0-kali3-amd64', java.version: '17.0.6'\nDriver info: org.openqa.selenium.chrome.ChromeDriver\nCommand: [38859ee69aec4a166c83ada01cd70665, clickElement {id=c91b2df4-c58b-4840-8d7b-1719cc1c4137}]\nCapabilities {acceptInsecureCerts: false, browserName: chrome, browserVersion: 110.0.5481.77, chrome: {chromedriverVersion: 110.0.5481.77 (65ed616c6e8e..., userDataDir: /tmp/.com.google.Chrome.ztDUgt}, goog:chromeOptions: {debuggerAddress: localhost:46597}, networkConnectionEnabled: false, pageLoadStrategy: normal, platformName: LINUX, proxy: Proxy(), se:cdp: ws://localhost:46597/devtoo..., se:cdpVersion: 110.0.5481.77, setWindowRect: true, strictFileInteractability: false, timeouts: {implicit: 0, pageLoad: 300000, script: 30000}, unhandledPromptBehavior: dismiss and notify, webauthn:extension:credBlob: true, webauthn:extension:largeBlob: true, webauthn:virtualAuthenticators: true}\nElement: [[ChromeDriver: chrome on LINUX (38859ee69aec4a166c83ada01cd70665)] -> xpath: //html/body/app-root/div/mat-sidenav-container/mat-sidenav-content/headertwo/mat-toolbar/mat-toolbar-row[2]/div/div/div[3]/div[2]/embryo-headercart/button/span[1]/mat-icon]\nSession ID: 38859ee69aec4a166c83ada01cd70665","trace":"org.openqa.selenium.ElementClickInterceptedException: element click intercepted: Element <mat-icon _ngcontent-embryo-seo-pre-c245=\"\" role=\"img\" class=\"mat-icon material-icons notranslate defulat-icons-color icons-fill-color mat-icon-no-color\" style=\"margin-top: -1px;\" aria-hidden=\"true\" data-mat-icon-type=\"font\">...</mat-icon> is not clickable at point (1570, 111). Other element would receive the click: <div class=\"cdk-overlay-backdrop cdk-overlay-dark-backdrop cdk-overlay-backdrop-showing\"></div>\n  (Session info: chrome=110.0.5481.77)\nBuild info: version: '4.7.2', revision: '4d4020c3b7'\nSystem info: os.name: 'Linux', os.arch: 'amd64', os.version: '6.0.0-kali3-amd64', java.version: '17.0.6'\nDriver info: org.openqa.selenium.chrome.ChromeDriver\nCommand: [38859ee69aec4a166c83ada01cd70665, clickElement {id=c91b2df4-c58b-4840-8d7b-1719cc1c4137}]\nCapabilities {acceptInsecureCerts: false, browserName: chrome, browserVersion: 110.0.5481.77, chrome: {chromedriverVersion: 110.0.5481.77 (65ed616c6e8e..., userDataDir: /tmp/.com.google.Chrome.ztDUgt}, goog:chromeOptions: {debuggerAddress: localhost:46597}, networkConnectionEnabled: false, pageLoadStrategy: normal, platformName: LINUX, proxy: Proxy(), se:cdp: ws://localhost:46597/devtoo..., se:cdpVersion: 110.0.5481.77, setWindowRect: true, strictFileInteractability: false, timeouts: {implicit: 0, pageLoad: 300000, script: 30000}, unhandledPromptBehavior: dismiss and notify, webauthn:extension:credBlob: true, webauthn:extension:largeBlob: true, webauthn:virtualAuthenticators: true}\nElement: [[ChromeDriver: chrome on LINUX (38859ee69aec4a166c83ada01cd70665)] -> xpath: //html/body/app-root/div/mat-sidenav-container/mat-sidenav-content/headertwo/mat-toolbar/mat-toolbar-row[2]/div/div/div[3]/div[2]/embryo-headercart/button/span[1]/mat-icon]\nSession ID: 38859ee69aec4a166c83ada01cd70665\n\tat java.base/jdk.internal.reflect.NativeConstructorAccessorImpl.newInstance0(Native Method)\n\tat java.base/jdk.internal.reflect.NativeConstructorAccessorImpl.newInstance(NativeConstructorAccessorImpl.java:77)\n\tat java.base/jdk.internal.reflect.DelegatingConstructorAccessorImpl.newInstance(DelegatingConstructorAccessorImpl.java:45)\n\tat java.base/java.lang.reflect.Constructor.newInstanceWithCaller(Constructor.java:499)\n\tat java.base/java.lang.reflect.Constructor.newInstance(Constructor.java:480)\n\tat org.openqa.selenium.remote.codec.w3c.W3CHttpResponseCodec.createException(W3CHttpResponseCodec.java:200)\n\tat org.openqa.selenium.remote.codec.w3c.W3CHttpResponseCodec.decode(W3CHttpResponseCodec.java:133)\n\tat org.openqa.selenium.remote.codec.w3c.W3CHttpResponseCodec.decode(W3CHttpResponseCodec.java:53)\n\tat org.openqa.selenium.remote.HttpCommandExecutor.execute(HttpCommandExecutor.java:184)\n\tat org.openqa.selenium.remote.service.DriverCommandExecutor.invokeExecute(DriverCommandExecutor.java:167)\n\tat org.openqa.selenium.remote.service.DriverCommandExecutor.execute(DriverCommandExecutor.java:142)\n\tat org.openqa.selenium.remote.RemoteWebDriver.execute(RemoteWebDriver.java:535)\n\tat org.openqa.selenium.remote.RemoteWebElement.execute(RemoteWebElement.java:257)\n\tat org.openqa.selenium.remote.RemoteWebElement.click(RemoteWebElement.java:78)\n\tat StepDefinitions.CreateOrderSD.openCartPage(CreateOrderSD.java:46)\n\tat ✽.user open cart page(file:///home/amr/Downloads/hotfix_final/src/main/resources/Features/SC12_CreateOrder.feature:8)\n"},"stage":"finished","steps":[],"attachments":[],"parameters":[],"start":1678974332359,"stop":1678974333441},{"name":"And  user click on checkout","status":"skipped","statusDetails":{"known":false,"muted":false,"flaky":false},"stage":"finished","steps":[],"attachments":[],"parameters":[],"start":1678974333444,"stop":1678974333444},{"name":"And  user choose which way he went to checkout","status":"skipped","statusDetails":{"known":false,"muted":false,"flaky":false},"stage":"finished","steps":[],"attachments":[],"parameters":[],"start":1678974333445,"stop":1678974333446},{"name":"And  user add data","status":"skipped","statusDetails":{"known":false,"muted":false,"flaky":false},"stage":"finished","steps":[],"attachments":[],"parameters":[],"start":1678974333446,"stop":1678974333447},{"name":"And  user edit billing address","status":"skipped","statusDetails":{"known":false,"muted":false,"flaky":false},"stage":"finished","steps":[],"attachments":[],"parameters":[],"start":1678974333447,"stop":1678974333448},{"name":"And  user choose payment method","status":"skipped","statusDetails":{"known":false,"muted":false,"flaky":false},"stage":"finished","steps":[],"attachments":[],"parameters":[],"start":1678974333449,"stop":1678974333449},{"name":"And  user check payment information","status":"skipped","statusDetails":{"known":false,"muted":false,"flaky":false},"stage":"finished","steps":[],"attachments":[],"parameters":[],"start":1678974333450,"stop":1678974333450},{"name":"And  user agree terms and conditions","status":"skipped","statusDetails":{"known":false,"muted":false,"flaky":false},"stage":"finished","steps":[],"attachments":[],"parameters":[],"start":1678974333451,"stop":1678974333451},{"name":"And  user confirm order","status":"skipped","statusDetails":{"known":false,"muted":false,"flaky":false},"stage":"finished","steps":[],"attachments":[],"parameters":[],"start":1678974333452,"stop":1678974333452},{"name":"Then  order should be placed successfully","status":"skipped","statusDetails":{"known":false,"muted":false,"flaky":false},"stage":"finished","steps":[],"attachments":[],"parameters":[],"start":1678974333453,"stop":1678974333454}],"attachments":[],"parameters":[],"start":1678974308689,"stop":1678974335560}