{"uuid":"2a3bdd51-1d25-42a5-9aa4-2d2a4e867a81","historyId":"1a0b1b47319cdeb226142d17eae6e56c","fullName":"verify cart functionality: Logged user could add different products to Shopping cart","labels":[{"name":"tag","value":"Regression"},{"name":"host","value":"amr"},{"name":"thread","value":"294344@amr.main(1)"},{"name":"feature","value":"verify cart functionality"},{"name":"story","value":"Logged user could add different products to Shopping cart"},{"name":"suite","value":"verify cart functionality"},{"name":"testClass","value":"Logged user could add different products to Shopping cart"},{"name":"framework","value":"cucumber4jvm"},{"name":"language","value":"java"},{"name":"gherkin_uri","value":"file:///home/amr/Downloads/hotfix_final/src/main/resources/Features/SC09_AddToCart.feature"},{"name":"package","value":"src.main.resources.Features.SC09_AddToCart_feature.verify cart functionality"}],"links":[],"name":"Logged user could add different products to Shopping cart","status":"broken","statusDetails":{"known":false,"muted":false,"flaky":false,"message":"element click intercepted: Element <div _ngcontent-embryo-seo-pre-c251=\"\" id=\"signIn\" class=\"pointer d-inline-flex ng-star-inserted\">...</div> is not clickable at point (1756, 113). Other element would receive the click: <div _ngcontent-embryo-seo-pre-c259=\"\" class=\"multi-env-both-area ng-star-inserted\">...</div>\n  (Session info: chrome=110.0.5481.77)\nBuild info: version: '4.7.2', revision: '4d4020c3b7'\nSystem info: os.name: 'Linux', os.arch: 'amd64', os.version: '6.0.0-kali3-amd64', java.version: '17.0.6'\nDriver info: org.openqa.selenium.chrome.ChromeDriver\nCommand: [f6eee6b2f5658a14c88b8dfe9ea6338a, clickElement {id=3e9b9117-f221-4bd9-99a8-01e2a191ed1a}]\nCapabilities {acceptInsecureCerts: false, browserName: chrome, browserVersion: 110.0.5481.77, chrome: {chromedriverVersion: 110.0.5481.77 (65ed616c6e8e..., userDataDir: /tmp/.com.google.Chrome.CjTCss}, goog:chromeOptions: {debuggerAddress: localhost:38425}, networkConnectionEnabled: false, pageLoadStrategy: normal, platformName: LINUX, proxy: Proxy(), se:cdp: ws://localhost:38425/devtoo..., se:cdpVersion: 110.0.5481.77, setWindowRect: true, strictFileInteractability: false, timeouts: {implicit: 0, pageLoad: 300000, script: 30000}, unhandledPromptBehavior: dismiss and notify, webauthn:extension:credBlob: true, webauthn:extension:largeBlob: true, webauthn:virtualAuthenticators: true}\nElement: [[ChromeDriver: chrome on LINUX (f6eee6b2f5658a14c88b8dfe9ea6338a)] -> id: signIn]\nSession ID: f6eee6b2f5658a14c88b8dfe9ea6338a","trace":"org.openqa.selenium.ElementClickInterceptedException: element click intercepted: Element <div _ngcontent-embryo-seo-pre-c251=\"\" id=\"signIn\" class=\"pointer d-inline-flex ng-star-inserted\">...</div> is not clickable at point (1756, 113). Other element would receive the click: <div _ngcontent-embryo-seo-pre-c259=\"\" class=\"multi-env-both-area ng-star-inserted\">...</div>\n  (Session info: chrome=110.0.5481.77)\nBuild info: version: '4.7.2', revision: '4d4020c3b7'\nSystem info: os.name: 'Linux', os.arch: 'amd64', os.version: '6.0.0-kali3-amd64', java.version: '17.0.6'\nDriver info: org.openqa.selenium.chrome.ChromeDriver\nCommand: [f6eee6b2f5658a14c88b8dfe9ea6338a, clickElement {id=3e9b9117-f221-4bd9-99a8-01e2a191ed1a}]\nCapabilities {acceptInsecureCerts: false, browserName: chrome, browserVersion: 110.0.5481.77, chrome: {chromedriverVersion: 110.0.5481.77 (65ed616c6e8e..., userDataDir: /tmp/.com.google.Chrome.CjTCss}, goog:chromeOptions: {debuggerAddress: localhost:38425}, networkConnectionEnabled: false, pageLoadStrategy: normal, platformName: LINUX, proxy: Proxy(), se:cdp: ws://localhost:38425/devtoo..., se:cdpVersion: 110.0.5481.77, setWindowRect: true, strictFileInteractability: false, timeouts: {implicit: 0, pageLoad: 300000, script: 30000}, unhandledPromptBehavior: dismiss and notify, webauthn:extension:credBlob: true, webauthn:extension:largeBlob: true, webauthn:virtualAuthenticators: true}\nElement: [[ChromeDriver: chrome on LINUX (f6eee6b2f5658a14c88b8dfe9ea6338a)] -> id: signIn]\nSession ID: f6eee6b2f5658a14c88b8dfe9ea6338a\n\tat java.base/jdk.internal.reflect.NativeConstructorAccessorImpl.newInstance0(Native Method)\n\tat java.base/jdk.internal.reflect.NativeConstructorAccessorImpl.newInstance(NativeConstructorAccessorImpl.java:77)\n\tat java.base/jdk.internal.reflect.DelegatingConstructorAccessorImpl.newInstance(DelegatingConstructorAccessorImpl.java:45)\n\tat java.base/java.lang.reflect.Constructor.newInstanceWithCaller(Constructor.java:499)\n\tat java.base/java.lang.reflect.Constructor.newInstance(Constructor.java:480)\n\tat org.openqa.selenium.remote.codec.w3c.W3CHttpResponseCodec.createException(W3CHttpResponseCodec.java:200)\n\tat org.openqa.selenium.remote.codec.w3c.W3CHttpResponseCodec.decode(W3CHttpResponseCodec.java:133)\n\tat org.openqa.selenium.remote.codec.w3c.W3CHttpResponseCodec.decode(W3CHttpResponseCodec.java:53)\n\tat org.openqa.selenium.remote.HttpCommandExecutor.execute(HttpCommandExecutor.java:184)\n\tat org.openqa.selenium.remote.service.DriverCommandExecutor.invokeExecute(DriverCommandExecutor.java:167)\n\tat org.openqa.selenium.remote.service.DriverCommandExecutor.execute(DriverCommandExecutor.java:142)\n\tat org.openqa.selenium.remote.RemoteWebDriver.execute(RemoteWebDriver.java:535)\n\tat org.openqa.selenium.remote.RemoteWebElement.execute(RemoteWebElement.java:257)\n\tat org.openqa.selenium.remote.RemoteWebElement.click(RemoteWebElement.java:78)\n\tat StepDefinitions.CartStepDefinition.loggedUser(CartStepDefinition.java:31)\n\tat ✽.user logged in to add product to cart(file:///home/amr/Downloads/hotfix_final/src/main/resources/Features/SC09_AddToCart.feature:5)\n"},"stage":"finished","steps":[{"name":"Given  user logged in to add product to cart","status":"broken","statusDetails":{"known":false,"muted":false,"flaky":false,"message":"element click intercepted: Element <div _ngcontent-embryo-seo-pre-c251=\"\" id=\"signIn\" class=\"pointer d-inline-flex ng-star-inserted\">...</div> is not clickable at point (1756, 113). Other element would receive the click: <div _ngcontent-embryo-seo-pre-c259=\"\" class=\"multi-env-both-area ng-star-inserted\">...</div>\n  (Session info: chrome=110.0.5481.77)\nBuild info: version: '4.7.2', revision: '4d4020c3b7'\nSystem info: os.name: 'Linux', os.arch: 'amd64', os.version: '6.0.0-kali3-amd64', java.version: '17.0.6'\nDriver info: org.openqa.selenium.chrome.ChromeDriver\nCommand: [f6eee6b2f5658a14c88b8dfe9ea6338a, clickElement {id=3e9b9117-f221-4bd9-99a8-01e2a191ed1a}]\nCapabilities {acceptInsecureCerts: false, browserName: chrome, browserVersion: 110.0.5481.77, chrome: {chromedriverVersion: 110.0.5481.77 (65ed616c6e8e..., userDataDir: /tmp/.com.google.Chrome.CjTCss}, goog:chromeOptions: {debuggerAddress: localhost:38425}, networkConnectionEnabled: false, pageLoadStrategy: normal, platformName: LINUX, proxy: Proxy(), se:cdp: ws://localhost:38425/devtoo..., se:cdpVersion: 110.0.5481.77, setWindowRect: true, strictFileInteractability: false, timeouts: {implicit: 0, pageLoad: 300000, script: 30000}, unhandledPromptBehavior: dismiss and notify, webauthn:extension:credBlob: true, webauthn:extension:largeBlob: true, webauthn:virtualAuthenticators: true}\nElement: [[ChromeDriver: chrome on LINUX (f6eee6b2f5658a14c88b8dfe9ea6338a)] -> id: signIn]\nSession ID: f6eee6b2f5658a14c88b8dfe9ea6338a","trace":"org.openqa.selenium.ElementClickInterceptedException: element click intercepted: Element <div _ngcontent-embryo-seo-pre-c251=\"\" id=\"signIn\" class=\"pointer d-inline-flex ng-star-inserted\">...</div> is not clickable at point (1756, 113). Other element would receive the click: <div _ngcontent-embryo-seo-pre-c259=\"\" class=\"multi-env-both-area ng-star-inserted\">...</div>\n  (Session info: chrome=110.0.5481.77)\nBuild info: version: '4.7.2', revision: '4d4020c3b7'\nSystem info: os.name: 'Linux', os.arch: 'amd64', os.version: '6.0.0-kali3-amd64', java.version: '17.0.6'\nDriver info: org.openqa.selenium.chrome.ChromeDriver\nCommand: [f6eee6b2f5658a14c88b8dfe9ea6338a, clickElement {id=3e9b9117-f221-4bd9-99a8-01e2a191ed1a}]\nCapabilities {acceptInsecureCerts: false, browserName: chrome, browserVersion: 110.0.5481.77, chrome: {chromedriverVersion: 110.0.5481.77 (65ed616c6e8e..., userDataDir: /tmp/.com.google.Chrome.CjTCss}, goog:chromeOptions: {debuggerAddress: localhost:38425}, networkConnectionEnabled: false, pageLoadStrategy: normal, platformName: LINUX, proxy: Proxy(), se:cdp: ws://localhost:38425/devtoo..., se:cdpVersion: 110.0.5481.77, setWindowRect: true, strictFileInteractability: false, timeouts: {implicit: 0, pageLoad: 300000, script: 30000}, unhandledPromptBehavior: dismiss and notify, webauthn:extension:credBlob: true, webauthn:extension:largeBlob: true, webauthn:virtualAuthenticators: true}\nElement: [[ChromeDriver: chrome on LINUX (f6eee6b2f5658a14c88b8dfe9ea6338a)] -> id: signIn]\nSession ID: f6eee6b2f5658a14c88b8dfe9ea6338a\n\tat java.base/jdk.internal.reflect.NativeConstructorAccessorImpl.newInstance0(Native Method)\n\tat java.base/jdk.internal.reflect.NativeConstructorAccessorImpl.newInstance(NativeConstructorAccessorImpl.java:77)\n\tat java.base/jdk.internal.reflect.DelegatingConstructorAccessorImpl.newInstance(DelegatingConstructorAccessorImpl.java:45)\n\tat java.base/java.lang.reflect.Constructor.newInstanceWithCaller(Constructor.java:499)\n\tat java.base/java.lang.reflect.Constructor.newInstance(Constructor.java:480)\n\tat org.openqa.selenium.remote.codec.w3c.W3CHttpResponseCodec.createException(W3CHttpResponseCodec.java:200)\n\tat org.openqa.selenium.remote.codec.w3c.W3CHttpResponseCodec.decode(W3CHttpResponseCodec.java:133)\n\tat org.openqa.selenium.remote.codec.w3c.W3CHttpResponseCodec.decode(W3CHttpResponseCodec.java:53)\n\tat org.openqa.selenium.remote.HttpCommandExecutor.execute(HttpCommandExecutor.java:184)\n\tat org.openqa.selenium.remote.service.DriverCommandExecutor.invokeExecute(DriverCommandExecutor.java:167)\n\tat org.openqa.selenium.remote.service.DriverCommandExecutor.execute(DriverCommandExecutor.java:142)\n\tat org.openqa.selenium.remote.RemoteWebDriver.execute(RemoteWebDriver.java:535)\n\tat org.openqa.selenium.remote.RemoteWebElement.execute(RemoteWebElement.java:257)\n\tat org.openqa.selenium.remote.RemoteWebElement.click(RemoteWebElement.java:78)\n\tat StepDefinitions.CartStepDefinition.loggedUser(CartStepDefinition.java:31)\n\tat ✽.user logged in to add product to cart(file:///home/amr/Downloads/hotfix_final/src/main/resources/Features/SC09_AddToCart.feature:5)\n"},"stage":"finished","steps":[],"attachments":[],"parameters":[],"start":1678971344940,"stop":1678971349143},{"name":"When  user choose category","status":"skipped","statusDetails":{"known":false,"muted":false,"flaky":false},"stage":"finished","steps":[],"attachments":[],"parameters":[],"start":1678971349145,"stop":1678971349145},{"name":"And  user add product to cart","status":"skipped","statusDetails":{"known":false,"muted":false,"flaky":false},"stage":"finished","steps":[],"attachments":[],"parameters":[],"start":1678971349145,"stop":1678971349146},{"name":"Then  product should be added successfully to cart","status":"skipped","statusDetails":{"known":false,"muted":false,"flaky":false},"stage":"finished","steps":[],"attachments":[],"parameters":[],"start":1678971349146,"stop":1678971349146}],"attachments":[],"parameters":[],"start":1678971336093,"stop":1678971351249}