{"uuid":"34919d22-0b5c-444b-9d51-41a81e9e9033","historyId":"7e961211cc4e2fe62be6ba91206735e2","fullName":"verify filtration functionality: Logged user could filter with color","labels":[{"name":"tag","value":"Regression"},{"name":"host","value":"amr"},{"name":"thread","value":"207359@amr.main(1)"},{"name":"feature","value":"verify filtration functionality"},{"name":"story","value":"Logged user could filter with color"},{"name":"suite","value":"verify filtration functionality"},{"name":"testClass","value":"Logged user could filter with color"},{"name":"framework","value":"cucumber4jvm"},{"name":"language","value":"java"},{"name":"gherkin_uri","value":"file:///home/amr/Downloads/hotfix_final/src/main/resources/Features/SC07_Filteration.feature"},{"name":"package","value":"src.main.resources.Features.SC07_Filteration_feature.verify filtration functionality"}],"links":[],"name":"Logged user could filter with color","status":"broken","statusDetails":{"known":false,"muted":false,"flaky":false,"message":"element click intercepted: Element <div _ngcontent-embryo-seo-pre-c251=\"\" id=\"signIn\" class=\"pointer d-inline-flex ng-star-inserted\">...</div> is not clickable at point (1755, 113). Other element would receive the click: <div _ngcontent-embryo-seo-pre-c259=\"\" class=\"stores-area ng-star-inserted\">...</div>\n  (Session info: chrome=110.0.5481.77)\nBuild info: version: '4.7.2', revision: '4d4020c3b7'\nSystem info: os.name: 'Linux', os.arch: 'amd64', os.version: '6.0.0-kali3-amd64', java.version: '17.0.6'\nDriver info: org.openqa.selenium.chrome.ChromeDriver\nCommand: [ba78cd32b27e0f0a92e6aa5ac3dbd5a6, clickElement {id=520ebdb7-d289-41c9-8d3f-2e20604c3bcd}]\nCapabilities {acceptInsecureCerts: false, browserName: chrome, browserVersion: 110.0.5481.77, chrome: {chromedriverVersion: 110.0.5481.77 (65ed616c6e8e..., userDataDir: /tmp/.com.google.Chrome.DTEDpo}, goog:chromeOptions: {debuggerAddress: localhost:33841}, networkConnectionEnabled: false, pageLoadStrategy: normal, platformName: LINUX, proxy: Proxy(), se:cdp: ws://localhost:33841/devtoo..., se:cdpVersion: 110.0.5481.77, setWindowRect: true, strictFileInteractability: false, timeouts: {implicit: 0, pageLoad: 300000, script: 30000}, unhandledPromptBehavior: dismiss and notify, webauthn:extension:credBlob: true, webauthn:extension:largeBlob: true, webauthn:virtualAuthenticators: true}\nElement: [[ChromeDriver: chrome on LINUX (ba78cd32b27e0f0a92e6aa5ac3dbd5a6)] -> id: signIn]\nSession ID: ba78cd32b27e0f0a92e6aa5ac3dbd5a6","trace":"org.openqa.selenium.ElementClickInterceptedException: element click intercepted: Element <div _ngcontent-embryo-seo-pre-c251=\"\" id=\"signIn\" class=\"pointer d-inline-flex ng-star-inserted\">...</div> is not clickable at point (1755, 113). Other element would receive the click: <div _ngcontent-embryo-seo-pre-c259=\"\" class=\"stores-area ng-star-inserted\">...</div>\n  (Session info: chrome=110.0.5481.77)\nBuild info: version: '4.7.2', revision: '4d4020c3b7'\nSystem info: os.name: 'Linux', os.arch: 'amd64', os.version: '6.0.0-kali3-amd64', java.version: '17.0.6'\nDriver info: org.openqa.selenium.chrome.ChromeDriver\nCommand: [ba78cd32b27e0f0a92e6aa5ac3dbd5a6, clickElement {id=520ebdb7-d289-41c9-8d3f-2e20604c3bcd}]\nCapabilities {acceptInsecureCerts: false, browserName: chrome, browserVersion: 110.0.5481.77, chrome: {chromedriverVersion: 110.0.5481.77 (65ed616c6e8e..., userDataDir: /tmp/.com.google.Chrome.DTEDpo}, goog:chromeOptions: {debuggerAddress: localhost:33841}, networkConnectionEnabled: false, pageLoadStrategy: normal, platformName: LINUX, proxy: Proxy(), se:cdp: ws://localhost:33841/devtoo..., se:cdpVersion: 110.0.5481.77, setWindowRect: true, strictFileInteractability: false, timeouts: {implicit: 0, pageLoad: 300000, script: 30000}, unhandledPromptBehavior: dismiss and notify, webauthn:extension:credBlob: true, webauthn:extension:largeBlob: true, webauthn:virtualAuthenticators: true}\nElement: [[ChromeDriver: chrome on LINUX (ba78cd32b27e0f0a92e6aa5ac3dbd5a6)] -> id: signIn]\nSession ID: ba78cd32b27e0f0a92e6aa5ac3dbd5a6\n\tat java.base/jdk.internal.reflect.NativeConstructorAccessorImpl.newInstance0(Native Method)\n\tat java.base/jdk.internal.reflect.NativeConstructorAccessorImpl.newInstance(NativeConstructorAccessorImpl.java:77)\n\tat java.base/jdk.internal.reflect.DelegatingConstructorAccessorImpl.newInstance(DelegatingConstructorAccessorImpl.java:45)\n\tat java.base/java.lang.reflect.Constructor.newInstanceWithCaller(Constructor.java:499)\n\tat java.base/java.lang.reflect.Constructor.newInstance(Constructor.java:480)\n\tat org.openqa.selenium.remote.codec.w3c.W3CHttpResponseCodec.createException(W3CHttpResponseCodec.java:200)\n\tat org.openqa.selenium.remote.codec.w3c.W3CHttpResponseCodec.decode(W3CHttpResponseCodec.java:133)\n\tat org.openqa.selenium.remote.codec.w3c.W3CHttpResponseCodec.decode(W3CHttpResponseCodec.java:53)\n\tat org.openqa.selenium.remote.HttpCommandExecutor.execute(HttpCommandExecutor.java:184)\n\tat org.openqa.selenium.remote.service.DriverCommandExecutor.invokeExecute(DriverCommandExecutor.java:167)\n\tat org.openqa.selenium.remote.service.DriverCommandExecutor.execute(DriverCommandExecutor.java:142)\n\tat org.openqa.selenium.remote.RemoteWebDriver.execute(RemoteWebDriver.java:535)\n\tat org.openqa.selenium.remote.RemoteWebElement.execute(RemoteWebElement.java:257)\n\tat org.openqa.selenium.remote.RemoteWebElement.click(RemoteWebElement.java:78)\n\tat StepDefinitions.CategoryStepDefinition.loggedUser(CategoryStepDefinition.java:30)\n\tat ✽.user is logged in to filter(file:///home/amr/Downloads/hotfix_final/src/main/resources/Features/SC07_Filteration.feature:5)\n"},"stage":"finished","steps":[{"name":"Given  user is logged in to filter","status":"broken","statusDetails":{"known":false,"muted":false,"flaky":false,"message":"element click intercepted: Element <div _ngcontent-embryo-seo-pre-c251=\"\" id=\"signIn\" class=\"pointer d-inline-flex ng-star-inserted\">...</div> is not clickable at point (1755, 113). Other element would receive the click: <div _ngcontent-embryo-seo-pre-c259=\"\" class=\"stores-area ng-star-inserted\">...</div>\n  (Session info: chrome=110.0.5481.77)\nBuild info: version: '4.7.2', revision: '4d4020c3b7'\nSystem info: os.name: 'Linux', os.arch: 'amd64', os.version: '6.0.0-kali3-amd64', java.version: '17.0.6'\nDriver info: org.openqa.selenium.chrome.ChromeDriver\nCommand: [ba78cd32b27e0f0a92e6aa5ac3dbd5a6, clickElement {id=520ebdb7-d289-41c9-8d3f-2e20604c3bcd}]\nCapabilities {acceptInsecureCerts: false, browserName: chrome, browserVersion: 110.0.5481.77, chrome: {chromedriverVersion: 110.0.5481.77 (65ed616c6e8e..., userDataDir: /tmp/.com.google.Chrome.DTEDpo}, goog:chromeOptions: {debuggerAddress: localhost:33841}, networkConnectionEnabled: false, pageLoadStrategy: normal, platformName: LINUX, proxy: Proxy(), se:cdp: ws://localhost:33841/devtoo..., se:cdpVersion: 110.0.5481.77, setWindowRect: true, strictFileInteractability: false, timeouts: {implicit: 0, pageLoad: 300000, script: 30000}, unhandledPromptBehavior: dismiss and notify, webauthn:extension:credBlob: true, webauthn:extension:largeBlob: true, webauthn:virtualAuthenticators: true}\nElement: [[ChromeDriver: chrome on LINUX (ba78cd32b27e0f0a92e6aa5ac3dbd5a6)] -> id: signIn]\nSession ID: ba78cd32b27e0f0a92e6aa5ac3dbd5a6","trace":"org.openqa.selenium.ElementClickInterceptedException: element click intercepted: Element <div _ngcontent-embryo-seo-pre-c251=\"\" id=\"signIn\" class=\"pointer d-inline-flex ng-star-inserted\">...</div> is not clickable at point (1755, 113). Other element would receive the click: <div _ngcontent-embryo-seo-pre-c259=\"\" class=\"stores-area ng-star-inserted\">...</div>\n  (Session info: chrome=110.0.5481.77)\nBuild info: version: '4.7.2', revision: '4d4020c3b7'\nSystem info: os.name: 'Linux', os.arch: 'amd64', os.version: '6.0.0-kali3-amd64', java.version: '17.0.6'\nDriver info: org.openqa.selenium.chrome.ChromeDriver\nCommand: [ba78cd32b27e0f0a92e6aa5ac3dbd5a6, clickElement {id=520ebdb7-d289-41c9-8d3f-2e20604c3bcd}]\nCapabilities {acceptInsecureCerts: false, browserName: chrome, browserVersion: 110.0.5481.77, chrome: {chromedriverVersion: 110.0.5481.77 (65ed616c6e8e..., userDataDir: /tmp/.com.google.Chrome.DTEDpo}, goog:chromeOptions: {debuggerAddress: localhost:33841}, networkConnectionEnabled: false, pageLoadStrategy: normal, platformName: LINUX, proxy: Proxy(), se:cdp: ws://localhost:33841/devtoo..., se:cdpVersion: 110.0.5481.77, setWindowRect: true, strictFileInteractability: false, timeouts: {implicit: 0, pageLoad: 300000, script: 30000}, unhandledPromptBehavior: dismiss and notify, webauthn:extension:credBlob: true, webauthn:extension:largeBlob: true, webauthn:virtualAuthenticators: true}\nElement: [[ChromeDriver: chrome on LINUX (ba78cd32b27e0f0a92e6aa5ac3dbd5a6)] -> id: signIn]\nSession ID: ba78cd32b27e0f0a92e6aa5ac3dbd5a6\n\tat java.base/jdk.internal.reflect.NativeConstructorAccessorImpl.newInstance0(Native Method)\n\tat java.base/jdk.internal.reflect.NativeConstructorAccessorImpl.newInstance(NativeConstructorAccessorImpl.java:77)\n\tat java.base/jdk.internal.reflect.DelegatingConstructorAccessorImpl.newInstance(DelegatingConstructorAccessorImpl.java:45)\n\tat java.base/java.lang.reflect.Constructor.newInstanceWithCaller(Constructor.java:499)\n\tat java.base/java.lang.reflect.Constructor.newInstance(Constructor.java:480)\n\tat org.openqa.selenium.remote.codec.w3c.W3CHttpResponseCodec.createException(W3CHttpResponseCodec.java:200)\n\tat org.openqa.selenium.remote.codec.w3c.W3CHttpResponseCodec.decode(W3CHttpResponseCodec.java:133)\n\tat org.openqa.selenium.remote.codec.w3c.W3CHttpResponseCodec.decode(W3CHttpResponseCodec.java:53)\n\tat org.openqa.selenium.remote.HttpCommandExecutor.execute(HttpCommandExecutor.java:184)\n\tat org.openqa.selenium.remote.service.DriverCommandExecutor.invokeExecute(DriverCommandExecutor.java:167)\n\tat org.openqa.selenium.remote.service.DriverCommandExecutor.execute(DriverCommandExecutor.java:142)\n\tat org.openqa.selenium.remote.RemoteWebDriver.execute(RemoteWebDriver.java:535)\n\tat org.openqa.selenium.remote.RemoteWebElement.execute(RemoteWebElement.java:257)\n\tat org.openqa.selenium.remote.RemoteWebElement.click(RemoteWebElement.java:78)\n\tat StepDefinitions.CategoryStepDefinition.loggedUser(CategoryStepDefinition.java:30)\n\tat ✽.user is logged in to filter(file:///home/amr/Downloads/hotfix_final/src/main/resources/Features/SC07_Filteration.feature:5)\n"},"stage":"finished","steps":[],"attachments":[],"parameters":[],"start":1678956641109,"stop":1678956642239},{"name":"When  user select category","status":"skipped","statusDetails":{"known":false,"muted":false,"flaky":false},"stage":"finished","steps":[],"attachments":[],"parameters":[],"start":1678956642240,"stop":1678956642240},{"name":"And  user filter by color","status":"skipped","statusDetails":{"known":false,"muted":false,"flaky":false},"stage":"finished","steps":[],"attachments":[],"parameters":[],"start":1678956642240,"stop":1678956642240},{"name":"Then  products with this attribute should be displayed","status":"skipped","statusDetails":{"known":false,"muted":false,"flaky":false},"stage":"finished","steps":[],"attachments":[],"parameters":[],"start":1678956642240,"stop":1678956642241}],"attachments":[],"parameters":[],"start":1678956630924,"stop":1678956644347}