{"uuid":"d4e1e748-62f3-4821-b1c2-f5da4d7992c5","historyId":"7baec1b706f8096f633219c5e3661071","fullName":"verify compare list functionality: Logged user could add different products to compare list","labels":[{"name":"tag","value":"Regression"},{"name":"host","value":"amr"},{"name":"thread","value":"207359@amr.main(1)"},{"name":"feature","value":"verify compare list functionality"},{"name":"story","value":"Logged user could add different products to compare list"},{"name":"suite","value":"verify compare list functionality"},{"name":"testClass","value":"Logged user could add different products to compare list"},{"name":"framework","value":"cucumber4jvm"},{"name":"language","value":"java"},{"name":"gherkin_uri","value":"file:///home/amr/Downloads/hotfix_final/src/main/resources/Features/SC11_AddToCompare.feature"},{"name":"package","value":"src.main.resources.Features.SC11_AddToCompare_feature.verify compare list functionality"}],"links":[],"name":"Logged user could add different products to compare list","status":"broken","statusDetails":{"known":false,"muted":false,"flaky":false,"message":"element click intercepted: Element <div _ngcontent-embryo-seo-pre-c251=\"\" id=\"signIn\" class=\"pointer d-inline-flex ng-star-inserted\">...</div> is not clickable at point (1755, 113). Other element would receive the click: <div _ngcontent-embryo-seo-pre-c259=\"\" class=\"stores-area ng-star-inserted\">...</div>\n  (Session info: chrome=110.0.5481.77)\nBuild info: version: '4.7.2', revision: '4d4020c3b7'\nSystem info: os.name: 'Linux', os.arch: 'amd64', os.version: '6.0.0-kali3-amd64', java.version: '17.0.6'\nDriver info: org.openqa.selenium.chrome.ChromeDriver\nCommand: [cb3e39207a5ede51dabef9d2f041c592, clickElement {id=f41beb23-d1fa-43ff-a091-8943383953e6}]\nCapabilities {acceptInsecureCerts: false, browserName: chrome, browserVersion: 110.0.5481.77, chrome: {chromedriverVersion: 110.0.5481.77 (65ed616c6e8e..., userDataDir: /tmp/.com.google.Chrome.VN7mvo}, goog:chromeOptions: {debuggerAddress: localhost:42085}, networkConnectionEnabled: false, pageLoadStrategy: normal, platformName: LINUX, proxy: Proxy(), se:cdp: ws://localhost:42085/devtoo..., se:cdpVersion: 110.0.5481.77, setWindowRect: true, strictFileInteractability: false, timeouts: {implicit: 0, pageLoad: 300000, script: 30000}, unhandledPromptBehavior: dismiss and notify, webauthn:extension:credBlob: true, webauthn:extension:largeBlob: true, webauthn:virtualAuthenticators: true}\nElement: [[ChromeDriver: chrome on LINUX (cb3e39207a5ede51dabef9d2f041c592)] -> id: signIn]\nSession ID: cb3e39207a5ede51dabef9d2f041c592","trace":"org.openqa.selenium.ElementClickInterceptedException: element click intercepted: Element <div _ngcontent-embryo-seo-pre-c251=\"\" id=\"signIn\" class=\"pointer d-inline-flex ng-star-inserted\">...</div> is not clickable at point (1755, 113). Other element would receive the click: <div _ngcontent-embryo-seo-pre-c259=\"\" class=\"stores-area ng-star-inserted\">...</div>\n  (Session info: chrome=110.0.5481.77)\nBuild info: version: '4.7.2', revision: '4d4020c3b7'\nSystem info: os.name: 'Linux', os.arch: 'amd64', os.version: '6.0.0-kali3-amd64', java.version: '17.0.6'\nDriver info: org.openqa.selenium.chrome.ChromeDriver\nCommand: [cb3e39207a5ede51dabef9d2f041c592, clickElement {id=f41beb23-d1fa-43ff-a091-8943383953e6}]\nCapabilities {acceptInsecureCerts: false, browserName: chrome, browserVersion: 110.0.5481.77, chrome: {chromedriverVersion: 110.0.5481.77 (65ed616c6e8e..., userDataDir: /tmp/.com.google.Chrome.VN7mvo}, goog:chromeOptions: {debuggerAddress: localhost:42085}, networkConnectionEnabled: false, pageLoadStrategy: normal, platformName: LINUX, proxy: Proxy(), se:cdp: ws://localhost:42085/devtoo..., se:cdpVersion: 110.0.5481.77, setWindowRect: true, strictFileInteractability: false, timeouts: {implicit: 0, pageLoad: 300000, script: 30000}, unhandledPromptBehavior: dismiss and notify, webauthn:extension:credBlob: true, webauthn:extension:largeBlob: true, webauthn:virtualAuthenticators: true}\nElement: [[ChromeDriver: chrome on LINUX (cb3e39207a5ede51dabef9d2f041c592)] -> id: signIn]\nSession ID: cb3e39207a5ede51dabef9d2f041c592\n\tat java.base/jdk.internal.reflect.NativeConstructorAccessorImpl.newInstance0(Native Method)\n\tat java.base/jdk.internal.reflect.NativeConstructorAccessorImpl.newInstance(NativeConstructorAccessorImpl.java:77)\n\tat java.base/jdk.internal.reflect.DelegatingConstructorAccessorImpl.newInstance(DelegatingConstructorAccessorImpl.java:45)\n\tat java.base/java.lang.reflect.Constructor.newInstanceWithCaller(Constructor.java:499)\n\tat java.base/java.lang.reflect.Constructor.newInstance(Constructor.java:480)\n\tat org.openqa.selenium.remote.codec.w3c.W3CHttpResponseCodec.createException(W3CHttpResponseCodec.java:200)\n\tat org.openqa.selenium.remote.codec.w3c.W3CHttpResponseCodec.decode(W3CHttpResponseCodec.java:133)\n\tat org.openqa.selenium.remote.codec.w3c.W3CHttpResponseCodec.decode(W3CHttpResponseCodec.java:53)\n\tat org.openqa.selenium.remote.HttpCommandExecutor.execute(HttpCommandExecutor.java:184)\n\tat org.openqa.selenium.remote.service.DriverCommandExecutor.invokeExecute(DriverCommandExecutor.java:167)\n\tat org.openqa.selenium.remote.service.DriverCommandExecutor.execute(DriverCommandExecutor.java:142)\n\tat org.openqa.selenium.remote.RemoteWebDriver.execute(RemoteWebDriver.java:535)\n\tat org.openqa.selenium.remote.RemoteWebElement.execute(RemoteWebElement.java:257)\n\tat org.openqa.selenium.remote.RemoteWebElement.click(RemoteWebElement.java:78)\n\tat StepDefinitions.CompareStepDefinition.loggedUser(CompareStepDefinition.java:24)\n\tat ✽.user logged in to add product to compare list(file:///home/amr/Downloads/hotfix_final/src/main/resources/Features/SC11_AddToCompare.feature:5)\n"},"stage":"finished","steps":[{"name":"Given  user logged in to add product to compare list","status":"broken","statusDetails":{"known":false,"muted":false,"flaky":false,"message":"element click intercepted: Element <div _ngcontent-embryo-seo-pre-c251=\"\" id=\"signIn\" class=\"pointer d-inline-flex ng-star-inserted\">...</div> is not clickable at point (1755, 113). Other element would receive the click: <div _ngcontent-embryo-seo-pre-c259=\"\" class=\"stores-area ng-star-inserted\">...</div>\n  (Session info: chrome=110.0.5481.77)\nBuild info: version: '4.7.2', revision: '4d4020c3b7'\nSystem info: os.name: 'Linux', os.arch: 'amd64', os.version: '6.0.0-kali3-amd64', java.version: '17.0.6'\nDriver info: org.openqa.selenium.chrome.ChromeDriver\nCommand: [cb3e39207a5ede51dabef9d2f041c592, clickElement {id=f41beb23-d1fa-43ff-a091-8943383953e6}]\nCapabilities {acceptInsecureCerts: false, browserName: chrome, browserVersion: 110.0.5481.77, chrome: {chromedriverVersion: 110.0.5481.77 (65ed616c6e8e..., userDataDir: /tmp/.com.google.Chrome.VN7mvo}, goog:chromeOptions: {debuggerAddress: localhost:42085}, networkConnectionEnabled: false, pageLoadStrategy: normal, platformName: LINUX, proxy: Proxy(), se:cdp: ws://localhost:42085/devtoo..., se:cdpVersion: 110.0.5481.77, setWindowRect: true, strictFileInteractability: false, timeouts: {implicit: 0, pageLoad: 300000, script: 30000}, unhandledPromptBehavior: dismiss and notify, webauthn:extension:credBlob: true, webauthn:extension:largeBlob: true, webauthn:virtualAuthenticators: true}\nElement: [[ChromeDriver: chrome on LINUX (cb3e39207a5ede51dabef9d2f041c592)] -> id: signIn]\nSession ID: cb3e39207a5ede51dabef9d2f041c592","trace":"org.openqa.selenium.ElementClickInterceptedException: element click intercepted: Element <div _ngcontent-embryo-seo-pre-c251=\"\" id=\"signIn\" class=\"pointer d-inline-flex ng-star-inserted\">...</div> is not clickable at point (1755, 113). Other element would receive the click: <div _ngcontent-embryo-seo-pre-c259=\"\" class=\"stores-area ng-star-inserted\">...</div>\n  (Session info: chrome=110.0.5481.77)\nBuild info: version: '4.7.2', revision: '4d4020c3b7'\nSystem info: os.name: 'Linux', os.arch: 'amd64', os.version: '6.0.0-kali3-amd64', java.version: '17.0.6'\nDriver info: org.openqa.selenium.chrome.ChromeDriver\nCommand: [cb3e39207a5ede51dabef9d2f041c592, clickElement {id=f41beb23-d1fa-43ff-a091-8943383953e6}]\nCapabilities {acceptInsecureCerts: false, browserName: chrome, browserVersion: 110.0.5481.77, chrome: {chromedriverVersion: 110.0.5481.77 (65ed616c6e8e..., userDataDir: /tmp/.com.google.Chrome.VN7mvo}, goog:chromeOptions: {debuggerAddress: localhost:42085}, networkConnectionEnabled: false, pageLoadStrategy: normal, platformName: LINUX, proxy: Proxy(), se:cdp: ws://localhost:42085/devtoo..., se:cdpVersion: 110.0.5481.77, setWindowRect: true, strictFileInteractability: false, timeouts: {implicit: 0, pageLoad: 300000, script: 30000}, unhandledPromptBehavior: dismiss and notify, webauthn:extension:credBlob: true, webauthn:extension:largeBlob: true, webauthn:virtualAuthenticators: true}\nElement: [[ChromeDriver: chrome on LINUX (cb3e39207a5ede51dabef9d2f041c592)] -> id: signIn]\nSession ID: cb3e39207a5ede51dabef9d2f041c592\n\tat java.base/jdk.internal.reflect.NativeConstructorAccessorImpl.newInstance0(Native Method)\n\tat java.base/jdk.internal.reflect.NativeConstructorAccessorImpl.newInstance(NativeConstructorAccessorImpl.java:77)\n\tat java.base/jdk.internal.reflect.DelegatingConstructorAccessorImpl.newInstance(DelegatingConstructorAccessorImpl.java:45)\n\tat java.base/java.lang.reflect.Constructor.newInstanceWithCaller(Constructor.java:499)\n\tat java.base/java.lang.reflect.Constructor.newInstance(Constructor.java:480)\n\tat org.openqa.selenium.remote.codec.w3c.W3CHttpResponseCodec.createException(W3CHttpResponseCodec.java:200)\n\tat org.openqa.selenium.remote.codec.w3c.W3CHttpResponseCodec.decode(W3CHttpResponseCodec.java:133)\n\tat org.openqa.selenium.remote.codec.w3c.W3CHttpResponseCodec.decode(W3CHttpResponseCodec.java:53)\n\tat org.openqa.selenium.remote.HttpCommandExecutor.execute(HttpCommandExecutor.java:184)\n\tat org.openqa.selenium.remote.service.DriverCommandExecutor.invokeExecute(DriverCommandExecutor.java:167)\n\tat org.openqa.selenium.remote.service.DriverCommandExecutor.execute(DriverCommandExecutor.java:142)\n\tat org.openqa.selenium.remote.RemoteWebDriver.execute(RemoteWebDriver.java:535)\n\tat org.openqa.selenium.remote.RemoteWebElement.execute(RemoteWebElement.java:257)\n\tat org.openqa.selenium.remote.RemoteWebElement.click(RemoteWebElement.java:78)\n\tat StepDefinitions.CompareStepDefinition.loggedUser(CompareStepDefinition.java:24)\n\tat ✽.user logged in to add product to compare list(file:///home/amr/Downloads/hotfix_final/src/main/resources/Features/SC11_AddToCompare.feature:5)\n"},"stage":"finished","steps":[],"attachments":[],"parameters":[],"start":1678956735691,"stop":1678956736777},{"name":"When  user select specific category","status":"skipped","statusDetails":{"known":false,"muted":false,"flaky":false},"stage":"finished","steps":[],"attachments":[],"parameters":[],"start":1678956736780,"stop":1678956736781},{"name":"And  user add product to compare list","status":"skipped","statusDetails":{"known":false,"muted":false,"flaky":false},"stage":"finished","steps":[],"attachments":[],"parameters":[],"start":1678956736782,"stop":1678956736783},{"name":"Then  the product should added to compare list successfully","status":"skipped","statusDetails":{"known":false,"muted":false,"flaky":false},"stage":"finished","steps":[],"attachments":[],"parameters":[],"start":1678956736784,"stop":1678956736784}],"attachments":[],"parameters":[],"start":1678956725641,"stop":1678956738888}