{"uuid":"f95b82be-7c6d-44df-ab69-9065c82de917","historyId":"15111138c919427d1d3b9d6e1d8f8298","fullName":"Logged user could select different tags: user can select different tags","labels":[{"name":"tag","value":"Regression"},{"name":"host","value":"amr"},{"name":"thread","value":"233853@amr.main(1)"},{"name":"feature","value":"Logged user could select different tags"},{"name":"story","value":"user can select different tags"},{"name":"suite","value":"Logged user could select different tags"},{"name":"testClass","value":"user can select different tags"},{"name":"framework","value":"cucumber4jvm"},{"name":"language","value":"java"},{"name":"gherkin_uri","value":"file:///home/amr/Downloads/hotfix_final/src/main/resources/Features/SC08_SelectTags.feature"},{"name":"package","value":"src.main.resources.Features.SC08_SelectTags_feature.Logged user could select different tags"}],"links":[],"name":"user can select different tags","status":"broken","statusDetails":{"known":false,"muted":false,"flaky":false,"message":"element click intercepted: Element <div _ngcontent-embryo-seo-pre-c251=\"\" id=\"signIn\" class=\"pointer d-inline-flex ng-star-inserted\">...</div> is not clickable at point (1755, 113). Other element would receive the click: <div _ngcontent-embryo-seo-pre-c259=\"\" class=\"stores-area ng-star-inserted\">...</div>\n  (Session info: chrome=110.0.5481.77)\nBuild info: version: '4.7.2', revision: '4d4020c3b7'\nSystem info: os.name: 'Linux', os.arch: 'amd64', os.version: '6.0.0-kali3-amd64', java.version: '17.0.6'\nDriver info: org.openqa.selenium.chrome.ChromeDriver\nCommand: [8a1e3f5504bb11bde63ce894e5c2e80f, clickElement {id=9c22558f-ffd6-40d4-a8e1-56989728ead7}]\nCapabilities {acceptInsecureCerts: false, browserName: chrome, browserVersion: 110.0.5481.77, chrome: {chromedriverVersion: 110.0.5481.77 (65ed616c6e8e..., userDataDir: /tmp/.com.google.Chrome.LAAkcK}, goog:chromeOptions: {debuggerAddress: localhost:44561}, networkConnectionEnabled: false, pageLoadStrategy: normal, platformName: LINUX, proxy: Proxy(), se:cdp: ws://localhost:44561/devtoo..., se:cdpVersion: 110.0.5481.77, setWindowRect: true, strictFileInteractability: false, timeouts: {implicit: 0, pageLoad: 300000, script: 30000}, unhandledPromptBehavior: dismiss and notify, webauthn:extension:credBlob: true, webauthn:extension:largeBlob: true, webauthn:virtualAuthenticators: true}\nElement: [[ChromeDriver: chrome on LINUX (8a1e3f5504bb11bde63ce894e5c2e80f)] -> id: signIn]\nSession ID: 8a1e3f5504bb11bde63ce894e5c2e80f","trace":"org.openqa.selenium.ElementClickInterceptedException: element click intercepted: Element <div _ngcontent-embryo-seo-pre-c251=\"\" id=\"signIn\" class=\"pointer d-inline-flex ng-star-inserted\">...</div> is not clickable at point (1755, 113). Other element would receive the click: <div _ngcontent-embryo-seo-pre-c259=\"\" class=\"stores-area ng-star-inserted\">...</div>\n  (Session info: chrome=110.0.5481.77)\nBuild info: version: '4.7.2', revision: '4d4020c3b7'\nSystem info: os.name: 'Linux', os.arch: 'amd64', os.version: '6.0.0-kali3-amd64', java.version: '17.0.6'\nDriver info: org.openqa.selenium.chrome.ChromeDriver\nCommand: [8a1e3f5504bb11bde63ce894e5c2e80f, clickElement {id=9c22558f-ffd6-40d4-a8e1-56989728ead7}]\nCapabilities {acceptInsecureCerts: false, browserName: chrome, browserVersion: 110.0.5481.77, chrome: {chromedriverVersion: 110.0.5481.77 (65ed616c6e8e..., userDataDir: /tmp/.com.google.Chrome.LAAkcK}, goog:chromeOptions: {debuggerAddress: localhost:44561}, networkConnectionEnabled: false, pageLoadStrategy: normal, platformName: LINUX, proxy: Proxy(), se:cdp: ws://localhost:44561/devtoo..., se:cdpVersion: 110.0.5481.77, setWindowRect: true, strictFileInteractability: false, timeouts: {implicit: 0, pageLoad: 300000, script: 30000}, unhandledPromptBehavior: dismiss and notify, webauthn:extension:credBlob: true, webauthn:extension:largeBlob: true, webauthn:virtualAuthenticators: true}\nElement: [[ChromeDriver: chrome on LINUX (8a1e3f5504bb11bde63ce894e5c2e80f)] -> id: signIn]\nSession ID: 8a1e3f5504bb11bde63ce894e5c2e80f\n\tat java.base/jdk.internal.reflect.NativeConstructorAccessorImpl.newInstance0(Native Method)\n\tat java.base/jdk.internal.reflect.NativeConstructorAccessorImpl.newInstance(NativeConstructorAccessorImpl.java:77)\n\tat java.base/jdk.internal.reflect.DelegatingConstructorAccessorImpl.newInstance(DelegatingConstructorAccessorImpl.java:45)\n\tat java.base/java.lang.reflect.Constructor.newInstanceWithCaller(Constructor.java:499)\n\tat java.base/java.lang.reflect.Constructor.newInstance(Constructor.java:480)\n\tat org.openqa.selenium.remote.codec.w3c.W3CHttpResponseCodec.createException(W3CHttpResponseCodec.java:200)\n\tat org.openqa.selenium.remote.codec.w3c.W3CHttpResponseCodec.decode(W3CHttpResponseCodec.java:133)\n\tat org.openqa.selenium.remote.codec.w3c.W3CHttpResponseCodec.decode(W3CHttpResponseCodec.java:53)\n\tat org.openqa.selenium.remote.HttpCommandExecutor.execute(HttpCommandExecutor.java:184)\n\tat org.openqa.selenium.remote.service.DriverCommandExecutor.invokeExecute(DriverCommandExecutor.java:167)\n\tat org.openqa.selenium.remote.service.DriverCommandExecutor.execute(DriverCommandExecutor.java:142)\n\tat org.openqa.selenium.remote.RemoteWebDriver.execute(RemoteWebDriver.java:535)\n\tat org.openqa.selenium.remote.RemoteWebElement.execute(RemoteWebElement.java:257)\n\tat org.openqa.selenium.remote.RemoteWebElement.click(RemoteWebElement.java:78)\n\tat StepDefinitions.SelectTagsSD.loginToWebsite(SelectTagsSD.java:30)\n\tat ✽.user login(file:///home/amr/Downloads/hotfix_final/src/main/resources/Features/SC08_SelectTags.feature:5)\n"},"stage":"finished","steps":[{"name":"Given  user login","status":"broken","statusDetails":{"known":false,"muted":false,"flaky":false,"message":"element click intercepted: Element <div _ngcontent-embryo-seo-pre-c251=\"\" id=\"signIn\" class=\"pointer d-inline-flex ng-star-inserted\">...</div> is not clickable at point (1755, 113). Other element would receive the click: <div _ngcontent-embryo-seo-pre-c259=\"\" class=\"stores-area ng-star-inserted\">...</div>\n  (Session info: chrome=110.0.5481.77)\nBuild info: version: '4.7.2', revision: '4d4020c3b7'\nSystem info: os.name: 'Linux', os.arch: 'amd64', os.version: '6.0.0-kali3-amd64', java.version: '17.0.6'\nDriver info: org.openqa.selenium.chrome.ChromeDriver\nCommand: [8a1e3f5504bb11bde63ce894e5c2e80f, clickElement {id=9c22558f-ffd6-40d4-a8e1-56989728ead7}]\nCapabilities {acceptInsecureCerts: false, browserName: chrome, browserVersion: 110.0.5481.77, chrome: {chromedriverVersion: 110.0.5481.77 (65ed616c6e8e..., userDataDir: /tmp/.com.google.Chrome.LAAkcK}, goog:chromeOptions: {debuggerAddress: localhost:44561}, networkConnectionEnabled: false, pageLoadStrategy: normal, platformName: LINUX, proxy: Proxy(), se:cdp: ws://localhost:44561/devtoo..., se:cdpVersion: 110.0.5481.77, setWindowRect: true, strictFileInteractability: false, timeouts: {implicit: 0, pageLoad: 300000, script: 30000}, unhandledPromptBehavior: dismiss and notify, webauthn:extension:credBlob: true, webauthn:extension:largeBlob: true, webauthn:virtualAuthenticators: true}\nElement: [[ChromeDriver: chrome on LINUX (8a1e3f5504bb11bde63ce894e5c2e80f)] -> id: signIn]\nSession ID: 8a1e3f5504bb11bde63ce894e5c2e80f","trace":"org.openqa.selenium.ElementClickInterceptedException: element click intercepted: Element <div _ngcontent-embryo-seo-pre-c251=\"\" id=\"signIn\" class=\"pointer d-inline-flex ng-star-inserted\">...</div> is not clickable at point (1755, 113). Other element would receive the click: <div _ngcontent-embryo-seo-pre-c259=\"\" class=\"stores-area ng-star-inserted\">...</div>\n  (Session info: chrome=110.0.5481.77)\nBuild info: version: '4.7.2', revision: '4d4020c3b7'\nSystem info: os.name: 'Linux', os.arch: 'amd64', os.version: '6.0.0-kali3-amd64', java.version: '17.0.6'\nDriver info: org.openqa.selenium.chrome.ChromeDriver\nCommand: [8a1e3f5504bb11bde63ce894e5c2e80f, clickElement {id=9c22558f-ffd6-40d4-a8e1-56989728ead7}]\nCapabilities {acceptInsecureCerts: false, browserName: chrome, browserVersion: 110.0.5481.77, chrome: {chromedriverVersion: 110.0.5481.77 (65ed616c6e8e..., userDataDir: /tmp/.com.google.Chrome.LAAkcK}, goog:chromeOptions: {debuggerAddress: localhost:44561}, networkConnectionEnabled: false, pageLoadStrategy: normal, platformName: LINUX, proxy: Proxy(), se:cdp: ws://localhost:44561/devtoo..., se:cdpVersion: 110.0.5481.77, setWindowRect: true, strictFileInteractability: false, timeouts: {implicit: 0, pageLoad: 300000, script: 30000}, unhandledPromptBehavior: dismiss and notify, webauthn:extension:credBlob: true, webauthn:extension:largeBlob: true, webauthn:virtualAuthenticators: true}\nElement: [[ChromeDriver: chrome on LINUX (8a1e3f5504bb11bde63ce894e5c2e80f)] -> id: signIn]\nSession ID: 8a1e3f5504bb11bde63ce894e5c2e80f\n\tat java.base/jdk.internal.reflect.NativeConstructorAccessorImpl.newInstance0(Native Method)\n\tat java.base/jdk.internal.reflect.NativeConstructorAccessorImpl.newInstance(NativeConstructorAccessorImpl.java:77)\n\tat java.base/jdk.internal.reflect.DelegatingConstructorAccessorImpl.newInstance(DelegatingConstructorAccessorImpl.java:45)\n\tat java.base/java.lang.reflect.Constructor.newInstanceWithCaller(Constructor.java:499)\n\tat java.base/java.lang.reflect.Constructor.newInstance(Constructor.java:480)\n\tat org.openqa.selenium.remote.codec.w3c.W3CHttpResponseCodec.createException(W3CHttpResponseCodec.java:200)\n\tat org.openqa.selenium.remote.codec.w3c.W3CHttpResponseCodec.decode(W3CHttpResponseCodec.java:133)\n\tat org.openqa.selenium.remote.codec.w3c.W3CHttpResponseCodec.decode(W3CHttpResponseCodec.java:53)\n\tat org.openqa.selenium.remote.HttpCommandExecutor.execute(HttpCommandExecutor.java:184)\n\tat org.openqa.selenium.remote.service.DriverCommandExecutor.invokeExecute(DriverCommandExecutor.java:167)\n\tat org.openqa.selenium.remote.service.DriverCommandExecutor.execute(DriverCommandExecutor.java:142)\n\tat org.openqa.selenium.remote.RemoteWebDriver.execute(RemoteWebDriver.java:535)\n\tat org.openqa.selenium.remote.RemoteWebElement.execute(RemoteWebElement.java:257)\n\tat org.openqa.selenium.remote.RemoteWebElement.click(RemoteWebElement.java:78)\n\tat StepDefinitions.SelectTagsSD.loginToWebsite(SelectTagsSD.java:30)\n\tat ✽.user login(file:///home/amr/Downloads/hotfix_final/src/main/resources/Features/SC08_SelectTags.feature:5)\n"},"stage":"finished","steps":[],"attachments":[],"parameters":[],"start":1678960262386,"stop":1678960263502},{"name":"And  user choose specific category","status":"skipped","statusDetails":{"known":false,"muted":false,"flaky":false},"stage":"finished","steps":[],"attachments":[],"parameters":[],"start":1678960263503,"stop":1678960263504},{"name":"And  user select any tag","status":"skipped","statusDetails":{"known":false,"muted":false,"flaky":false},"stage":"finished","steps":[],"attachments":[],"parameters":[],"start":1678960263505,"stop":1678960263506},{"name":"Then  this tag page should be opened successfully","status":"skipped","statusDetails":{"known":false,"muted":false,"flaky":false},"stage":"finished","steps":[],"attachments":[],"parameters":[],"start":1678960263507,"stop":1678960263507}],"attachments":[],"parameters":[],"start":1678960252942,"stop":1678960265617}